Using pre-set license

 COMMAND LINE ARGUMENTS:
/Users/kuanyiwu/Documents/GitHub/2020.3.13f1/Unity.app/Contents/MacOS/Unity
-adb2
-batchMode
-noUpm
-name
AssetImportWorker0
-projectPath
/Users/kuanyiwu/Documents/GitHub/XReality/Workshops/workshop-08142021/Unity_Intro
-logFile
Logs/AssetImportWorker0.log
-srvPort
53530
Successfully changed project path to: /Users/kuanyiwu/Documents/GitHub/XReality/Workshops/workshop-08142021/Unity_Intro
/Users/kuanyiwu/Documents/GitHub/XReality/Workshops/workshop-08142021/Unity_Intro
Using Asset Import Pipeline V2.
Refreshing native plugins compatible for Editor in 68.17 ms, found 2 plugins.
Preloading 0 native plugins for Editor in 0.00 ms.
Initialize engine version: 2020.3.13f1 (71691879b7f5)
[Subsystems] Discovering subsystems at path /Users/kuanyiwu/Documents/GitHub/2020.3.13f1/Unity.app/Contents/Resources/UnitySubsystems
[Subsystems] Discovering subsystems at path /Users/kuanyiwu/Documents/GitHub/XReality/Workshops/workshop-08142021/Unity_Intro/Assets
GfxDevice: creating device client; threaded=0
2021-07-26 20:55:50.483 Unity[8782:450261] Color LCD preferred device: AMD Radeon Pro Vega 20 (high power)
2021-07-26 20:55:50.501 Unity[8782:450261] Metal devices available: 2
2021-07-26 20:55:50.501 Unity[8782:450261] 0: AMD Radeon Pro Vega 20 (high power)
2021-07-26 20:55:50.501 Unity[8782:450261] 1: Intel(R) UHD Graphics 630 (low power)
2021-07-26 20:55:50.523 Unity[8782:450261] Using device AMD Radeon Pro Vega 20 (high power)
Initializing Metal device caps: AMD Radeon Pro Vega 20
Initialize mono
Mono path[0] = '/Users/kuanyiwu/Documents/GitHub/2020.3.13f1/Unity.app/Contents/Managed'
Mono path[1] = '/Users/kuanyiwu/Documents/GitHub/2020.3.13f1/Unity.app/Contents/MonoBleedingEdge/lib/mono/unityjit'
Mono config path = '/Users/kuanyiwu/Documents/GitHub/2020.3.13f1/Unity.app/Contents/MonoBleedingEdge/etc'
Using monoOptions --debugger-agent=transport=dt_socket,embedding=1,server=y,suspend=n,address=127.0.0.1:56782
Begin MonoManager ReloadAssembly
Registering precompiled unity dll's ...
Register platform support module: /Users/kuanyiwu/Documents/GitHub/2020.3.13f1/Unity.app/Contents/PlaybackEngines/MacStandaloneSupport/UnityEditor.OSXStandalone.Extensions.dll
Registered in 0.001951 seconds.
Native extension for OSXStandalone target not found
Refreshing native plugins compatible for Editor in 32.16 ms, found 2 plugins.
Preloading 0 native plugins for Editor in 0.00 ms.
Mono: successfully reloaded assembly
- Completed reload, in  3.486 seconds
Platform modules already initialized, skipping
Registering precompiled user dll's ...
Registered in 0.007738 seconds.
Begin MonoManager ReloadAssembly
Native extension for OSXStandalone target not found
Refreshing native plugins compatible for Editor in 0.34 ms, found 2 plugins.
Preloading 0 native plugins for Editor in 0.00 ms.
Mono: successfully reloaded assembly
- Completed reload, in  1.320 seconds
Platform modules already initialized, skipping
========================================================================
Worker process is ready to serve import requests
Launching external process: /Users/kuanyiwu/Documents/GitHub/2020.3.13f1/Unity.app/Contents/Tools/UnityShaderCompiler
Launched and connected shader compiler UnityShaderCompiler after 0.01 seconds
Refreshing native plugins compatible for Editor in 0.30 ms, found 2 plugins.
Preloading 0 native plugins for Editor in 0.00 ms.
Unloading 1390 Unused Serialized files (Serialized files now loaded: 0)
System memory in use before: 138.8 MB.
System memory in use after: 138.9 MB.

Unloading 19 unused Assets to reduce memory usage. Loaded Objects now: 1823.
Total: 1.817077 ms (FindLiveObjects: 0.138209 ms CreateObjectMapping: 0.040238 ms MarkObjects: 1.560153 ms  DeleteObjects: 0.077689 ms)

AssetImportParameters requested are different than current active one (requested -> active):
  custom:video-decoder-ogg-theora: a1e56fd34408186e4bbccfd4996cb3dc -> 
  custom:container-muxer-webm: aa71ff27fc2769a1b78a27578f13a17b -> 
  custom:container-demuxer-webm: 4f35f7cbe854078d1ac9338744f61a02 -> 
  custom:container-demuxer-ogg: 62fdf1f143b41e24485cea50d1cbac27 -> 
  custom:video-encoder-webm-vp8: eb34c28f22e8b96e1ab97ce403110664 -> 
  custom:framework-osx-AVFoundation: e770b220cccbd017edd2c1fefb359320 -> 
  custom:video-decoder-webm-vp8: 9c59270c3fd7afecdb556c50c9e8de78 -> 
  custom:audio-decoder-ogg-vorbis: bf7c407c2cedff20999df2af8eb42d56 -> 
  custom:audio-encoder-webm-vorbis: bf7c407c2cedff20999df2af8eb42d56 -> 
========================================================================
Received Import Request.
  path: Assets/Scenes
  artifactKey: Guid(d15a273bdc2c944158956a3fb4dafd7d) Importer(815301076,1909f56bfc062723c751e8b465ee728b)
Start importing Assets/Scenes using Guid(d15a273bdc2c944158956a3fb4dafd7d) Importer(815301076,1909f56bfc062723c751e8b465ee728b)  -> (artifact id: 'bcbddb471ec00f634d86327bbad3843e') in 0.004112 seconds 
  Import took 0.007047 seconds .

